<?xml version="1.0" encoding="UTF-8"?>
<!-- Generated by org.testng.reporters.JUnitReportReporter -->
<testsuite hostname="SourabhKankekar" failures="0" tests="1" name="TestNG.window" time="6.238" errors="0" timestamp="2022-06-17T22:45:26 IST" skipped="0">
  <testcase classname="TestNG.window" name="demoSwitchToWindow" time="6.238"/>
  <system-out/>
</testsuite> <!-- TestNG.window -->
