<?xml version="1.0" encoding="UTF-8"?>
<!-- Generated by org.testng.reporters.JUnitReportReporter -->
<testsuite hostname="SourabhKankekar" failures="0" tests="1" name="TestNG.practice_scrnshot" time="3.705" errors="0" timestamp="2022-06-19T08:46:12 IST" skipped="0">
  <testcase classname="TestNG.practice_scrnshot" name="TakeSCSht" time="3.705"/>
  <system-out/>
</testsuite> <!-- TestNG.practice_scrnshot -->
