<?xml version="1.0" encoding="UTF-8"?>
<!-- Generated by org.testng.reporters.JUnitReportReporter -->
<testsuite hostname="SourabhKankekar" failures="0" tests="2" name="com.test.Test_2" time="5.403" errors="0" timestamp="2022-06-21T23:00:30 IST" skipped="0">
  <testcase classname="com.test.Test_2" name="verifytest_002" time="2.458"/>
  <system-out/>
  <testcase classname="com.test.Test_2" name="explicit" time="2.945"/>
  <system-out/>
</testsuite> <!-- com.test.Test_2 -->
