<?xml version="1.0" encoding="UTF-8"?>
<!-- Generated by org.testng.reporters.JUnitReportReporter -->
<testsuite hostname="SourabhKankekar" failures="0" tests="1" name="TestNG.Test_7_ChildWindow" time="15.882" errors="0" timestamp="2022-06-18T12:23:52 IST" skipped="0">
  <testcase classname="TestNG.Test_7_ChildWindow" name="Verify_tset002" time="15.882"/>
  <system-out/>
</testsuite> <!-- TestNG.Test_7_ChildWindow -->
