<?xml version="1.0" encoding="UTF-8"?>
<!-- Generated by org.testng.reporters.JUnitReportReporter -->
<testsuite hostname="SourabhKankekar" failures="0" tests="1" name="TestNG.ChildBrowser2ndtype" time="13.950" errors="0" timestamp="2022-06-18T12:29:10 IST" skipped="0">
  <testcase classname="TestNG.ChildBrowser2ndtype" name="verify_test01" time="13.950"/>
  <system-out/>
</testsuite> <!-- TestNG.ChildBrowser2ndtype -->
