<?xml version="1.0" encoding="UTF-8"?>
<!-- Generated by org.testng.reporters.JUnitReportReporter -->
<testsuite hostname="SourabhKankekar" failures="0" tests="1" name="TestNG.Test_6_Alerts" time="18.617" errors="0" timestamp="2022-06-17T14:30:55 IST" skipped="0">
  <testcase classname="TestNG.Test_6_Alerts" name="Test_Alert" time="18.617"/>
  <system-out/>
</testsuite> <!-- TestNG.Test_6_Alerts -->
