<?xml version="1.0" encoding="UTF-8"?>
<!-- Generated by org.testng.reporters.JUnitReportReporter -->
<testsuite hostname="SourabhKankekar" failures="0" tests="2" name="TestNG.Test_8_asserts" time="4.391" errors="0" timestamp="2022-06-18T18:55:54 IST" skipped="0">
  <testcase classname="TestNG.Test_8_asserts" name="test_002" time="1.673"/>
  <system-out/>
  <testcase classname="TestNG.Test_8_asserts" name="test_001" time="2.718"/>
  <system-out/>
</testsuite> <!-- TestNG.Test_8_asserts -->
