<?xml version="1.0" encoding="UTF-8"?>
<!-- Generated by org.testng.reporters.JUnitReportReporter -->
<testsuite hostname="SourabhKankekar" failures="0" tests="1" name="TestNG.Test_10_ScrollDown" time="3.284" errors="0" timestamp="2022-06-19T09:53:43 IST" skipped="0">
  <testcase classname="TestNG.Test_10_ScrollDown" name="test_ScrollDown" time="3.284"/>
  <system-out/>
</testsuite> <!-- TestNG.Test_10_ScrollDown -->
