<?xml version="1.0" encoding="UTF-8"?>
<!-- Generated by org.testng.reporters.JUnitReportReporter -->
<testsuite hostname="SourabhKankekar" failures="0" tests="1" name="TestNG.Test_9_TakeScreenShot" time="3.470" errors="0" timestamp="2022-06-18T22:02:05 IST" skipped="0">
  <testcase classname="TestNG.Test_9_TakeScreenShot" name="getScrnshot" time="3.470"/>
  <system-out/>
</testsuite> <!-- TestNG.Test_9_TakeScreenShot -->
