<?xml version="1.0" encoding="UTF-8"?>
<!-- Generated by org.testng.reporters.JUnitReportReporter -->
<testsuite hostname="SourabhKankekar" failures="0" tests="2" name="TestNG.Test_1FlowOfTestNG" time="0.010" errors="0" timestamp="2022-06-14T22:32:49 IST" skipped="0">
  <testcase classname="TestNG.Test_1FlowOfTestNG" name="Test_2" time="0.004"/>
  <system-out/>
  <testcase classname="TestNG.Test_1FlowOfTestNG" name="Test_1" time="0.006"/>
  <system-out/>
</testsuite> <!-- TestNG.Test_1FlowOfTestNG -->
