<?xml version="1.0" encoding="UTF-8"?>
<!-- Generated by org.testng.reporters.JUnitReportReporter -->
<testsuite hostname="SourabhKankekar" failures="0" tests="2" name="TestNG.Test_5_regression_sanity" time="0.011" errors="0" timestamp="2022-06-16T17:45:28 IST" skipped="0">
  <testcase classname="TestNG.Test_5_regression_sanity" name="Test_001" time="0.010"/>
  <system-out/>
  <testcase classname="TestNG.Test_5_regression_sanity" name="Test_003" time="0.001"/>
  <system-out/>
</testsuite> <!-- TestNG.Test_5_regression_sanity -->
