<?xml version="1.0" encoding="UTF-8"?>
<!-- Generated by org.testng.reporters.JUnitReportReporter -->
<testsuite hostname="SourabhKankekar" failures="0" tests="4" name="com.test.Test_1" time="11.517" errors="0" timestamp="2022-06-20T23:25:35 IST" skipped="0">
  <testcase classname="com.test.Test_1" name="test_003" time="5.073"/>
  <system-out/>
  <testcase classname="com.test.Test_1" name="test_004" time="2.113"/>
  <system-out/>
  <testcase classname="com.test.Test_1" name="test_002" time="2.189"/>
  <system-out/>
  <testcase classname="com.test.Test_1" name="test_001" time="2.142"/>
  <system-out/>
</testsuite> <!-- com.test.Test_1 -->
