<?xml version="1.0" encoding="UTF-8"?>
<!-- Generated by org.testng.reporters.JUnitReportReporter -->
<testsuite hostname="SourabhKankekar" failures="0" tests="3" name="TestNG.Test_1stScript" time="13.959" errors="0" timestamp="2022-06-14T14:07:08 IST" skipped="0">
  <testcase classname="TestNG.Test_1stScript" name="Test_c" time="5.616"/>
  <system-out/>
  <testcase classname="TestNG.Test_1stScript" name="Test_a" time="4.148"/>
  <system-out/>
  <testcase classname="TestNG.Test_1stScript" name="Test_b" time="4.195"/>
  <system-out/>
</testsuite> <!-- TestNG.Test_1stScript -->
