<?xml version="1.0" encoding="UTF-8"?>
<!-- Generated by org.testng.reporters.JUnitReportReporter -->
<testsuite hostname="SourabhKankekar" failures="0" tests="1" name="TestNG.scrollpractice" time="3.461" errors="0" timestamp="2022-06-19T09:37:49 IST" skipped="0">
  <testcase classname="TestNG.scrollpractice" name="scroll" time="3.461"/>
  <system-out/>
</testsuite> <!-- TestNG.scrollpractice -->
