<?xml version="1.0" encoding="UTF-8"?>
<!-- Generated by org.testng.reporters.JUnitReportReporter -->
<testsuite hostname="SourabhKankekar" failures="0" tests="3" name="TestNG.Test_4" time="0.022" errors="0" timestamp="2022-06-21T23:02:34 IST" skipped="0">
  <testcase classname="TestNG.Test_4" name="Test_002" time="0.010"/>
  <system-out/>
  <testcase classname="TestNG.Test_4" name="Test_001" time="0.009"/>
  <system-out/>
  <testcase classname="TestNG.Test_4" name="Test_003" time="0.003"/>
  <system-out/>
</testsuite> <!-- TestNG.Test_4 -->
